# JRE version: OpenJDK Runtime Environment (8.0_131-b11) (build 1.8.0_131-8u131-b11-2ubuntu1.16.04.2-b11)
# Java VM: OpenJDK 64-Bit Server VM (25.131-b11 mixed mode linux-amd64 compressed oops)
Heap:
 PSYoungGen      total 35840K, used 2928K [0x00000000d6e00000, 0x00000000e0b80000, 0x0000000100000000)
  eden space 35328K, 7% used [0x00000000d6e00000,0x00000000d70bc0c8,0x00000000d9080000)
  from space 512K, 25% used [0x00000000e0b00000,0x00000000e0b20000,0x00000000e0b80000)
  to   space 512K, 0% used [0x00000000e0a80000,0x00000000e0a80000,0x00000000e0b00000)
 ParOldGen       total 239616K, used 119696K [0x0000000084a00000, 0x0000000093400000, 0x00000000d6e00000)
  object space 239616K, 49% used [0x0000000084a00000,0x000000008bee4348,0x0000000093400000)
 Metaspace       used 17476K, capacity 17990K, committed 18304K, reserved 1064960K
  class space    used 1940K, capacity 2099K, committed 2176K, reserved 1048576K
GC Heap History (10 events):
Event: 1095,963 GC heap before
{Heap before GC invocations=516 (full 2):
 PSYoungGen      total 35840K, used 35520K [0x00000000d6e00000, 0x00000000e0b80000, 0x0000000100000000)
  eden space 35328K, 100% used [0x00000000d6e00000,0x00000000d9080000,0x00000000d9080000)
  from space 512K, 37% used [0x00000000e0a80000,0x00000000e0ab0000,0x00000000e0b00000)
  to   space 512K, 0% used [0x00000000e0b00000,0x00000000e0b00000,0x00000000e0b80000)
 ParOldGen       total 239616K, used 119696K [0x0000000084a00000, 0x0000000093400000, 0x00000000d6e00000)
  object space 239616K, 49% used [0x0000000084a00000,0x000000008bee4348,0x0000000093400000)
 Metaspace       used 17471K, capacity 17990K, committed 18304K, reserved 1064960K
  class space    used 1938K, capacity 2099K, committed 2176K, reserved 1048576K
Event: 1095,964 GC heap after
Heap after GC invocations=516 (full 2):
 PSYoungGen      total 35840K, used 128K [0x00000000d6e00000, 0x00000000e0b80000, 0x0000000100000000)
  eden space 35328K, 0% used [0x00000000d6e00000,0x00000000d6e00000,0x00000000d9080000)
  from space 512K, 25% used [0x00000000e0b00000,0x00000000e0b20000,0x00000000e0b80000)
  to   space 512K, 0% used [0x00000000e0a80000,0x00000000e0a80000,0x00000000e0b00000)
 ParOldGen       total 239616K, used 119696K [0x0000000084a00000, 0x0000000093400000, 0x00000000d6e00000)
  object space 239616K, 49% used [0x0000000084a00000,0x000000008bee4348,0x0000000093400000)
 Metaspace       used 17471K, capacity 17990K, committed 18304K, reserved 1064960K
  class space    used 1938K, capacity 2099K, committed 2176K, reserved 1048576K
}
Event: 1097,814 GC heap before
{Heap before GC invocations=517 (full 2):
 PSYoungGen      total 35840K, used 35456K [0x00000000d6e00000, 0x00000000e0b80000, 0x0000000100000000)
  eden space 35328K, 100% used [0x00000000d6e00000,0x00000000d9080000,0x00000000d9080000)
  from space 512K, 25% used [0x00000000e0b00000,0x00000000e0b20000,0x00000000e0b80000)
  to   space 512K, 0% used [0x00000000e0a80000,0x00000000e0a80000,0x00000000e0b00000)
 ParOldGen       total 239616K, used 119696K [0x0000000084a00000, 0x0000000093400000, 0x00000000d6e00000)
  object space 239616K, 49% used [0x0000000084a00000,0x000000008bee4348,0x0000000093400000)
 Metaspace       used 17471K, capacity 17990K, committed 18304K, reserved 1064960K
  class space    used 1938K, capacity 2099K, committed 2176K, reserved 1048576K
Event: 1097,815 GC heap after
Heap after GC invocations=517 (full 2):
 PSYoungGen      total 35840K, used 128K [0x00000000d6e00000, 0x00000000e0b80000, 0x0000000100000000)
  eden space 35328K, 0% used [0x00000000d6e00000,0x00000000d6e00000,0x00000000d9080000)
  from space 512K, 25% used [0x00000000e0a80000,0x00000000e0aa0000,0x00000000e0b00000)
  to   space 512K, 0% used [0x00000000e0b00000,0x00000000e0b00000,0x00000000e0b80000)
 ParOldGen       total 239616K, used 119696K [0x0000000084a00000, 0x0000000093400000, 0x00000000d6e00000)
  object space 239616K, 49% used [0x0000000084a00000,0x000000008bee4348,0x0000000093400000)
 Metaspace       used 17471K, capacity 17990K, committed 18304K, reserved 1064960K
  class space    used 1938K, capacity 2099K, committed 2176K, reserved 1048576K
}
Event: 1099,240 GC heap before
{Heap before GC invocations=518 (full 2):
 PSYoungGen      total 35840K, used 35456K [0x00000000d6e00000, 0x00000000e0b80000, 0x0000000100000000)
  eden space 35328K, 100% used [0x00000000d6e00000,0x00000000d9080000,0x00000000d9080000)
  from space 512K, 25% used [0x00000000e0a80000,0x00000000e0aa0000,0x00000000e0b00000)
  to   space 512K, 0% used [0x00000000e0b00000,0x00000000e0b00000,0x00000000e0b80000)
 ParOldGen       total 239616K, used 119696K [0x0000000084a00000, 0x0000000093400000, 0x00000000d6e00000)
  object space 239616K, 49% used [0x0000000084a00000,0x000000008bee4348,0x0000000093400000)
 Metaspace       used 17471K, capacity 17990K, committed 18304K, reserved 1064960K
  class space    used 1938K, capacity 2099K, committed 2176K, reserved 1048576K
Event: 1099,241 GC heap after
Heap after GC invocations=518 (full 2):
 PSYoungGen      total 35840K, used 192K [0x00000000d6e00000, 0x00000000e0b80000, 0x0000000100000000)
  eden space 35328K, 0% used [0x00000000d6e00000,0x00000000d6e00000,0x00000000d9080000)
  from space 512K, 37% used [0x00000000e0b00000,0x00000000e0b30000,0x00000000e0b80000)
  to   space 512K, 0% used [0x00000000e0a80000,0x00000000e0a80000,0x00000000e0b00000)
 ParOldGen       total 239616K, used 119696K [0x0000000084a00000, 0x0000000093400000, 0x00000000d6e00000)
  object space 239616K, 49% used [0x0000000084a00000,0x000000008bee4348,0x0000000093400000)
 Metaspace       used 17471K, capacity 17990K, committed 18304K, reserved 1064960K
  class space    used 1938K, capacity 2099K, committed 2176K, reserved 1048576K
}
Event: 1100,484 GC heap before
{Heap before GC invocations=519 (full 2):
 PSYoungGen      total 35840K, used 35520K [0x00000000d6e00000, 0x00000000e0b80000, 0x0000000100000000)
  eden space 35328K, 100% used [0x00000000d6e00000,0x00000000d9080000,0x00000000d9080000)
  from space 512K, 37% used [0x00000000e0b00000,0x00000000e0b30000,0x00000000e0b80000)
  to   space 512K, 0% used [0x00000000e0a80000,0x00000000e0a80000,0x00000000e0b00000)
 ParOldGen       total 239616K, used 119696K [0x0000000084a00000, 0x0000000093400000, 0x00000000d6e00000)
  object space 239616K, 49% used [0x0000000084a00000,0x000000008bee4348,0x0000000093400000)
 Metaspace       used 17471K, capacity 17990K, committed 18304K, reserved 1064960K
  class space    used 1938K, capacity 2099K, committed 2176K, reserved 1048576K
Event: 1100,485 GC heap after
Heap after GC invocations=519 (full 2):
 PSYoungGen      total 35840K, used 160K [0x00000000d6e00000, 0x00000000e0b80000, 0x0000000100000000)
  eden space 35328K, 0% used [0x00000000d6e00000,0x00000000d6e00000,0x00000000d9080000)
  from space 512K, 31% used [0x00000000e0a80000,0x00000000e0aa8000,0x00000000e0b00000)
  to   space 512K, 0% used [0x00000000e0b00000,0x00000000e0b00000,0x00000000e0b80000)
 ParOldGen       total 239616K, used 119696K [0x0000000084a00000, 0x0000000093400000, 0x00000000d6e00000)
  object space 239616K, 49% used [0x0000000084a00000,0x000000008bee4348,0x0000000093400000)
 Metaspace       used 17471K, capacity 17990K, committed 18304K, reserved 1064960K
  class space    used 1938K, capacity 2099K, committed 2176K, reserved 1048576K
}
Event: 1101,684 GC heap before
{Heap before GC invocations=520 (full 2):
 PSYoungGen      total 35840K, used 35488K [0x00000000d6e00000, 0x00000000e0b80000, 0x0000000100000000)
  eden space 35328K, 100% used [0x00000000d6e00000,0x00000000d9080000,0x00000000d9080000)
  from space 512K, 31% used [0x00000000e0a80000,0x00000000e0aa8000,0x00000000e0b00000)
  to   space 512K, 0% used [0x00000000e0b00000,0x00000000e0b00000,0x00000000e0b80000)
 ParOldGen       total 239616K, used 119696K [0x0000000084a00000, 0x0000000093400000, 0x00000000d6e00000)
  object space 239616K, 49% used [0x0000000084a00000,0x000000008bee4348,0x0000000093400000)
 Metaspace       used 17471K, capacity 17990K, committed 18304K, reserved 1064960K
  class space    used 1938K, capacity 2099K, committed 2176K, reserved 1048576K
Event: 1101,685 GC heap after
Heap after GC invocations=520 (full 2):
 PSYoungGen      total 35840K, used 128K [0x00000000d6e00000, 0x00000000e0b80000, 0x0000000100000000)
  eden space 35328K, 0% used [0x00000000d6e00000,0x00000000d6e00000,0x00000000d9080000)
  from space 512K, 25% used [0x00000000e0b00000,0x00000000e0b20000,0x00000000e0b80000)
  to   space 512K, 0% used [0x00000000e0a80000,0x00000000e0a80000,0x00000000e0b00000)
 ParOldGen       total 239616K, used 119696K [0x0000000084a00000, 0x0000000093400000, 0x00000000d6e00000)
  object space 239616K, 49% used [0x0000000084a00000,0x000000008bee4348,0x0000000093400000)
 Metaspace       used 17471K, capacity 17990K, committed 18304K, reserved 1064960K
  class space    used 1938K, capacity 2099K, committed 2176K, reserved 1048576K
}

